<?xml version="1.0" encoding="UTF-8"?>
<!-- Generated by org.testng.reporters.JUnitReportReporter -->
<testsuite hostname="Jat" failures="0" tests="7" name="Page.BacktoLogin" time="4.285" errors="0" timestamp="2025-08-04T18:59:04 IST" skipped="0">
  <testcase classname="Page.BacktoLogin" name="loginpage" time="0.768"/>
  <testcase classname="Page.BacktoLogin" name="MainproductScreen" time="0.672"/>
  <testcase classname="Page.BacktoLogin" name="CheckoutItemList" time="0.526"/>
  <testcase classname="Page.BacktoLogin" name="information" time="0.960"/>
  <testcase classname="Page.BacktoLogin" name="Checkprice" time="0.568"/>
  <testcase classname="Page.BacktoLogin" name="Confirmtext" time="0.323"/>
  <testcase classname="Page.BacktoLogin" name="GotoLoginScreen" time="0.468"/>
</testsuite> <!-- Page.BacktoLogin -->
