<?xml version="1.0" encoding="UTF-8"?>
<!-- Generated by org.testng.reporters.JUnitReportReporter -->
<testsuite hostname="Jat" failures="0" tests="8" name="Page.Main_run_test" time="6.021" errors="0" timestamp="2025-08-08T11:48:28 IST" skipped="0">
  <testcase classname="Page.Main_run_test" name="completeCheckoutFlow" time="2.711"/>
  <testcase classname="Page.Main_run_test" name="loginpage" time="0.636"/>
  <testcase classname="Page.Main_run_test" name="MainproductScreen" time="0.770"/>
  <testcase classname="Page.Main_run_test" name="CheckoutItemList" time="0.383"/>
  <testcase classname="Page.Main_run_test" name="information" time="0.586"/>
  <testcase classname="Page.Main_run_test" name="Checkprice" time="0.318"/>
  <testcase classname="Page.Main_run_test" name="Confirmtext" time="0.174"/>
  <testcase classname="Page.Main_run_test" name="GotoLoginScreen" time="0.443"/>
</testsuite> <!-- Page.Main_run_test -->
