<?xml version="1.0" encoding="UTF-8"?>
<!-- Generated by org.testng.reporters.JUnitReportReporter -->
<testsuite hostname="Jat" failures="0" tests="8" name="Page.Main_run_test" time="11.941" errors="0" timestamp="2025-08-04T19:08:25 IST" skipped="0">
  <testcase classname="Page.Main_run_test" name="completeCheckoutFlow" time="7.425"/>
  <testcase classname="Page.Main_run_test" name="loginpage" time="0.862"/>
  <testcase classname="Page.Main_run_test" name="MainproductScreen" time="0.794"/>
  <testcase classname="Page.Main_run_test" name="CheckoutItemList" time="0.694"/>
  <testcase classname="Page.Main_run_test" name="information" time="0.888"/>
  <testcase classname="Page.Main_run_test" name="Checkprice" time="0.404"/>
  <testcase classname="Page.Main_run_test" name="Confirmtext" time="0.269"/>
  <testcase classname="Page.Main_run_test" name="GotoLoginScreen" time="0.605"/>
</testsuite> <!-- Page.Main_run_test -->
