<?xml version="1.0" encoding="UTF-8"?>
<!-- Generated by org.testng.reporters.JUnitReportReporter -->
<testsuite hostname="Jat" failures="0" tests="8" name="Page.Main_run_test" time="5.476" errors="0" timestamp="2025-08-08T17:40:12 IST" skipped="0">
  <testcase classname="Page.Main_run_test" name="completeCheckoutFlow" time="2.220"/>
  <testcase classname="Page.Main_run_test" name="loginpage" time="0.565"/>
  <testcase classname="Page.Main_run_test" name="MainproductScreen" time="0.553"/>
  <testcase classname="Page.Main_run_test" name="CheckoutItemList" time="0.396"/>
  <testcase classname="Page.Main_run_test" name="information" time="0.678"/>
  <testcase classname="Page.Main_run_test" name="Checkprice" time="0.324"/>
  <testcase classname="Page.Main_run_test" name="Confirmtext" time="0.151"/>
  <testcase classname="Page.Main_run_test" name="GotoLoginScreen" time="0.589"/>
</testsuite> <!-- Page.Main_run_test -->
