<?xml version="1.0" encoding="UTF-8"?>
<!-- Generated by org.testng.reporters.JUnitReportReporter -->
<testsuite hostname="Jat" failures="0" tests="1" name="NewTest" time="0.001" errors="0" timestamp="2025-08-04T18:57:37 IST" skipped="0">
  <testcase classname="NewTest" name="f" time="0.001"/>
</testsuite> <!-- NewTest -->
