<?xml version="1.0" encoding="UTF-8"?>
<!-- Generated by org.testng.reporters.JUnitReportReporter -->
<testsuite hostname="Jat" failures="0" tests="1" name="Utils.File_Reader" time="0.013" errors="0" timestamp="2025-08-04T16:28:43 IST" skipped="0">
  <testcase classname="Utils.File_Reader" name="ReadData" time="0.013"/>
</testsuite> <!-- Utils.File_Reader -->
